mode: set
github.com/galasa.dev/automation/offline-tools/copyrighter/pkg/cmd/galasacopyrighter.go:33.17,34.2 0 0
github.com/galasa.dev/automation/offline-tools/copyrighter/pkg/cmd/galasacopyrighter.go:36.50,47.2 8 1
github.com/galasa.dev/automation/offline-tools/copyrighter/pkg/cmd/galasacopyrighter.go:49.49,52.16 3 1
github.com/galasa.dev/automation/offline-tools/copyrighter/pkg/cmd/galasacopyrighter.go:52.16,54.3 1 1
github.com/galasa.dev/automation/offline-tools/copyrighter/pkg/cmd/galasacopyrighter.go:55.2,55.20 1 1
github.com/galasa.dev/automation/offline-tools/copyrighter/pkg/cmd/galasacopyrighter.go:58.62,63.29 4 1
github.com/galasa.dev/automation/offline-tools/copyrighter/pkg/cmd/galasacopyrighter.go:63.29,66.28 2 1
github.com/galasa.dev/automation/offline-tools/copyrighter/pkg/cmd/galasacopyrighter.go:66.28,69.4 1 1
github.com/galasa.dev/automation/offline-tools/copyrighter/pkg/cmd/galasacopyrighter.go:69.9,71.47 1 1
github.com/galasa.dev/automation/offline-tools/copyrighter/pkg/cmd/galasacopyrighter.go:71.47,74.5 1 1
github.com/galasa.dev/automation/offline-tools/copyrighter/pkg/cmd/galasacopyrighter.go:74.10,79.9 3 1
github.com/galasa.dev/automation/offline-tools/copyrighter/pkg/cmd/galasacopyrighter.go:79.9,81.44 2 1
github.com/galasa.dev/automation/offline-tools/copyrighter/pkg/cmd/galasacopyrighter.go:81.44,83.7 1 1
github.com/galasa.dev/automation/offline-tools/copyrighter/pkg/cmd/galasacopyrighter.go:83.12,84.12 1 1
github.com/galasa.dev/automation/offline-tools/copyrighter/pkg/cmd/galasacopyrighter.go:88.5,90.62 2 1
github.com/galasa.dev/automation/offline-tools/copyrighter/pkg/cmd/galasacopyrighter.go:94.8,96.3 1 1
github.com/galasa.dev/automation/offline-tools/copyrighter/pkg/cmd/galasacopyrighter.go:97.2,97.20 1 1
